Using pre-set license
Built from '2020.3/staging' branch; Version is '2020.3.14f1 (d0d1bb862f9d) revision 13685179'; Using compiler version '192528614'; Build Type 'Release'
OS: 'Windows 10 Home Single Language; OS build 19041.1110; Version 2004; 64bit' Language: 'ru' Physical Memory: 12157 MB
BatchMode: 1, IsHumanControllingUs: 0, StartBugReporterOnCrash: 0, Is64bit: 1, IsPro: 0

 COMMAND LINE ARGUMENTS:
C:\Program Files\Unity\Hub\Editor\2020.3.14f1\Editor\Unity.exe
-adb2
-batchMode
-noUpm
-name
AssetImportWorker0
-projectPath
C:/Project of Unity/_Snake
-logFile
Logs/AssetImportWorker0.log
-srvPort
61055
Successfully changed project path to: C:/Project of Unity/_Snake
C:/Project of Unity/_Snake
Using Asset Import Pipeline V2.
Refreshing native plugins compatible for Editor in 65.89 ms, found 2 plugins.
Preloading 0 native plugins for Editor in 0.00 ms.
Initialize engine version: 2020.3.14f1 (d0d1bb862f9d)
[Subsystems] Discovering subsystems at path C:/Program Files/Unity/Hub/Editor/2020.3.14f1/Editor/Data/Resources/UnitySubsystems
[Subsystems] Discovering subsystems at path C:/Project of Unity/_Snake/Assets
GfxDevice: creating device client; threaded=0
Direct3D:
    Version:  Direct3D 11.0 [level 11.1]
    Renderer: Intel(R) HD Graphics 620 (ID=0x5916)
    Vendor:   
    VRAM:     6078 MB
    Driver:   23.20.16.4973
Invalid texture used for cursor - check importer settings or texture creation. Texture must be RGBA32, readable, have alphaIsTransparency enabled and have no mip chain.

Initialize mono
Mono path[0] = 'C:/Program Files/Unity/Hub/Editor/2020.3.14f1/Editor/Data/Managed'
Mono path[1] = 'C:/Program Files/Unity/Hub/Editor/2020.3.14f1/Editor/Data/MonoBleedingEdge/lib/mono/unityjit'
Mono config path = 'C:/Program Files/Unity/Hub/Editor/2020.3.14f1/Editor/Data/MonoBleedingEdge/etc'
Using monoOptions --debugger-agent=transport=dt_socket,embedding=1,server=y,suspend=n,address=127.0.0.1:56564
Begin MonoManager ReloadAssembly
Registering precompiled unity dll's ...
Register platform support module: C:/Program Files/Unity/Hub/Editor/2020.3.14f1/Editor/Data/PlaybackEngines/WindowsStandaloneSupport/UnityEditor.WindowsStandalone.Extensions.dll
Registered in 0.007918 seconds.
Native extension for WindowsStandalone target not found
Refreshing native plugins compatible for Editor in 46.33 ms, found 2 plugins.
Preloading 0 native plugins for Editor in 0.00 ms.
Mono: successfully reloaded assembly
- Completed reload, in  4.807 seconds
Domain Reload Profiling:
	ReloadAssembly (4808ms)
		BeginReloadAssembly (188ms)
			ExecutionOrderSort (0ms)
			DisableScriptedObjects (0ms)
			BackupInstance (0ms)
			ReleaseScriptingObjects (0ms)
			CreateAndSetChildDomain (1ms)
		EndReloadAssembly (730ms)
			LoadAssemblies (185ms)
			RebuildTransferFunctionScriptingTraits (0ms)
			SetupTypeCache (262ms)
			ReleaseScriptCaches (0ms)
			RebuildScriptCaches (55ms)
			SetupLoadedEditorAssemblies (281ms)
				LogAssemblyErrors (0ms)
				InitializePlatformSupportModulesInManaged (6ms)
				SetLoadedEditorAssemblies (0ms)
				RefreshPlugins (46ms)
				BeforeProcessingInitializeOnLoad (25ms)
				ProcessInitializeOnLoadAttributes (141ms)
				ProcessInitializeOnLoadMethodAttributes (61ms)
				AfterProcessingInitializeOnLoad (0ms)
				EditorAssembliesLoaded (0ms)
			ExecutionOrderSort2 (0ms)
			AwakeInstancesAfterBackupRestoration (0ms)
Platform modules already initialized, skipping
Registering precompiled user dll's ...
Registered in 0.018823 seconds.
Begin MonoManager ReloadAssembly
Native extension for WindowsStandalone target not found
Refreshing native plugins compatible for Editor in 0.41 ms, found 2 plugins.
Preloading 0 native plugins for Editor in 0.00 ms.
Mono: successfully reloaded assembly
- Completed reload, in  1.912 seconds
Domain Reload Profiling:
	ReloadAssembly (1916ms)
		BeginReloadAssembly (266ms)
			ExecutionOrderSort (0ms)
			DisableScriptedObjects (8ms)
			BackupInstance (0ms)
			ReleaseScriptingObjects (0ms)
			CreateAndSetChildDomain (28ms)
		EndReloadAssembly (1514ms)
			LoadAssemblies (230ms)
			RebuildTransferFunctionScriptingTraits (0ms)
			SetupTypeCache (480ms)
			ReleaseScriptCaches (0ms)
			RebuildScriptCaches (74ms)
			SetupLoadedEditorAssemblies (565ms)
				LogAssemblyErrors (0ms)
				InitializePlatformSupportModulesInManaged (9ms)
				SetLoadedEditorAssemblies (1ms)
				RefreshPlugins (1ms)
				BeforeProcessingInitializeOnLoad (150ms)
				ProcessInitializeOnLoadAttributes (380ms)
				ProcessInitializeOnLoadMethodAttributes (9ms)
				AfterProcessingInitializeOnLoad (14ms)
				EditorAssembliesLoaded (1ms)
			ExecutionOrderSort2 (0ms)
			AwakeInstancesAfterBackupRestoration (12ms)
Platform modules already initialized, skipping
========================================================================
Worker process is ready to serve import requests
Launched and connected shader compiler UnityShaderCompiler.exe after 0.09 seconds
Refreshing native plugins compatible for Editor in 0.68 ms, found 2 plugins.
Preloading 0 native plugins for Editor in 0.00 ms.
Unloading 1404 Unused Serialized files (Serialized files now loaded: 0)
System memory in use before: 67.2 MB.
System memory in use after: 67.2 MB.

Unloading 19 unused Assets to reduce memory usage. Loaded Objects now: 1838.
Total: 4.818900 ms (FindLiveObjects: 0.585100 ms CreateObjectMapping: 0.158900 ms MarkObjects: 3.955600 ms  DeleteObjects: 0.116000 ms)

AssetImportParameters requested are different than current active one (requested -> active):
  custom:framework-win-MediaFoundation: 216162199b28c13a410421893ffa2e32 -> 
  custom:video-decoder-ogg-theora: a1e56fd34408186e4bbccfd4996cb3dc -> 
  custom:container-muxer-webm: aa71ff27fc2769a1b78a27578f13a17b -> 
  custom:container-demuxer-webm: 4f35f7cbe854078d1ac9338744f61a02 -> 
  custom:container-demuxer-ogg: 62fdf1f143b41e24485cea50d1cbac27 -> 
  custom:video-encoder-webm-vp8: eb34c28f22e8b96e1ab97ce403110664 -> 
  custom:video-decoder-webm-vp8: 9c59270c3fd7afecdb556c50c9e8de78 -> 
  custom:audio-decoder-ogg-vorbis: bf7c407c2cedff20999df2af8eb42d56 -> 
  custom:audio-encoder-webm-vorbis: bf7c407c2cedff20999df2af8eb42d56 -> 
========================================================================
Received Import Request.
  path: Assets/Material/Boundary/Blue.mat
  artifactKey: Guid(0949d2ec13864bd459de3900ff4d31c8) Importer(815301076,1909f56bfc062723c751e8b465ee728b)
Start importing Assets/Material/Boundary/Blue.mat using Guid(0949d2ec13864bd459de3900ff4d31c8) Importer(815301076,1909f56bfc062723c751e8b465ee728b)  -> (artifact id: 'e7ecc20df2bd76737da19e9950de8ee7') in 0.207450 seconds 
  Import took 0.212274 seconds .

========================================================================
Received Import Request.
  Time since last request: 0.016384 seconds.
  path: Assets/Scripts/TouchPad.cs
  artifactKey: Guid(4c2a73537ae763e4d8cac1a621a1df34) Importer(815301076,1909f56bfc062723c751e8b465ee728b)
Start importing Assets/Scripts/TouchPad.cs using Guid(4c2a73537ae763e4d8cac1a621a1df34) Importer(815301076,1909f56bfc062723c751e8b465ee728b)  -> (artifact id: 'f2a2984f8c24819ebae79f59c288ec69') in 0.013986 seconds 
  Import took 0.017944 seconds .

========================================================================
Received Import Request.
  Time since last request: 0.021547 seconds.
  path: Assets/Material/Boundary/Green.mat
  artifactKey: Guid(80edd96f49200ef46898fe87030d6b13) Importer(815301076,1909f56bfc062723c751e8b465ee728b)
Start importing Assets/Material/Boundary/Green.mat using Guid(80edd96f49200ef46898fe87030d6b13) Importer(815301076,1909f56bfc062723c751e8b465ee728b)  -> (artifact id: 'cd0e117d53b180eaf058a290ee0984f4') in 0.012948 seconds 
  Import took 0.020143 seconds .

========================================================================
Received Import Request.
  Time since last request: 0.009514 seconds.
  path: Assets/Prefabs/RedFood.prefab
  artifactKey: Guid(c69a07f5a417b9941a667d5ba2a5411b) Importer(815301076,1909f56bfc062723c751e8b465ee728b)
Start importing Assets/Prefabs/RedFood.prefab using Guid(c69a07f5a417b9941a667d5ba2a5411b) Importer(815301076,1909f56bfc062723c751e8b465ee728b)  -> (artifact id: '49f1289edccbf6d5ae693ca795f118eb') in 0.042073 seconds 
  Import took 0.047121 seconds .

========================================================================
Received Import Request.
  Time since last request: 0.012998 seconds.
  path: Assets/Material/Purple.mat
  artifactKey: Guid(91fb7342239ecd948aaf7cbb2b862e96) Importer(815301076,1909f56bfc062723c751e8b465ee728b)
Start importing Assets/Material/Purple.mat using Guid(91fb7342239ecd948aaf7cbb2b862e96) Importer(815301076,1909f56bfc062723c751e8b465ee728b)  -> (artifact id: '9043244b1d3614376c98c8263921b4e6') in 0.012944 seconds 
  Import took 0.017306 seconds .

========================================================================
Received Import Request.
  Time since last request: 0.029481 seconds.
  path: Assets/Scenes/PlaySettings.lighting
  artifactKey: Guid(8003a55585902a742a31c50df44a7c49) Importer(815301076,1909f56bfc062723c751e8b465ee728b)
Start importing Assets/Scenes/PlaySettings.lighting using Guid(8003a55585902a742a31c50df44a7c49) Importer(815301076,1909f56bfc062723c751e8b465ee728b) LightingSettings: switching bake backend from 1 to 0.
 -> (artifact id: '8b41e79d4ddc0961baeee691e9c03a6f') in 0.006407 seconds 
  Import took 0.010384 seconds .

========================================================================
Received Import Request.
  Time since last request: 0.020610 seconds.
  path: Assets/ConeCollider/Script/ConeCollider.cs
  artifactKey: Guid(544e52e7528d39543a55e8259cace9bb) Importer(815301076,1909f56bfc062723c751e8b465ee728b)
Start importing Assets/ConeCollider/Script/ConeCollider.cs using Guid(544e52e7528d39543a55e8259cace9bb) Importer(815301076,1909f56bfc062723c751e8b465ee728b)  -> (artifact id: 'e0b04c56a4c721839879289075dd35e6') in 0.002737 seconds 
  Import took 0.007317 seconds .

========================================================================
Received Import Request.
  Time since last request: 0.007719 seconds.
  path: Assets/Material/Green.mat
  artifactKey: Guid(b6ddabede73034f46802e42116453802) Importer(815301076,1909f56bfc062723c751e8b465ee728b)
Start importing Assets/Material/Green.mat using Guid(b6ddabede73034f46802e42116453802) Importer(815301076,1909f56bfc062723c751e8b465ee728b)  -> (artifact id: '0460d5a135a0ca425840e9a48c1a0f7e') in 0.012505 seconds 
  Import took 0.017211 seconds .

========================================================================
Received Import Request.
  Time since last request: 0.027416 seconds.
  path: Assets/Material/Boundary/Purplre.mat
  artifactKey: Guid(1ffd37fc2343dd74f9090f0685b5024a) Importer(815301076,1909f56bfc062723c751e8b465ee728b)
Start importing Assets/Material/Boundary/Purplre.mat using Guid(1ffd37fc2343dd74f9090f0685b5024a) Importer(815301076,1909f56bfc062723c751e8b465ee728b)  -> (artifact id: 'd3e4049b69fc5c3dee9e4dc0aba50f81') in 0.013043 seconds 
  Import took 0.018220 seconds .

========================================================================
Received Import Request.
  Time since last request: 0.010699 seconds.
  path: Assets/Material/Violet.mat
  artifactKey: Guid(7af87524f6b17884287984d5b765c796) Importer(815301076,1909f56bfc062723c751e8b465ee728b)
Start importing Assets/Material/Violet.mat using Guid(7af87524f6b17884287984d5b765c796) Importer(815301076,1909f56bfc062723c751e8b465ee728b)  -> (artifact id: '95f510a5a99317b79d293ba6debb2afe') in 0.016933 seconds 
  Import took 0.021775 seconds .

========================================================================
Received Import Request.
  Time since last request: 0.014086 seconds.
  path: Assets/Material/Red.mat
  artifactKey: Guid(7d3f9898daecc294d9e4f68ac4ebadcb) Importer(815301076,1909f56bfc062723c751e8b465ee728b)
Start importing Assets/Material/Red.mat using Guid(7d3f9898daecc294d9e4f68ac4ebadcb) Importer(815301076,1909f56bfc062723c751e8b465ee728b)  -> (artifact id: 'b142795daea7f7b825902f8d65cb6ce8') in 0.015235 seconds 
  Import took 0.020522 seconds .

========================================================================
Received Import Request.
  Time since last request: 0.010501 seconds.
  path: Assets/Scripts/Food.cs
  artifactKey: Guid(09b634121337e794a8791b73f0e6cd02) Importer(815301076,1909f56bfc062723c751e8b465ee728b)
Start importing Assets/Scripts/Food.cs using Guid(09b634121337e794a8791b73f0e6cd02) Importer(815301076,1909f56bfc062723c751e8b465ee728b)  -> (artifact id: '6d8be35b2ffbe2f14d0a0a5b2aa69761') in 0.002871 seconds 
  Import took 0.008144 seconds .

========================================================================
Received Import Request.
  Time since last request: 0.023075 seconds.
  path: Assets/Material/Orange.mat
  artifactKey: Guid(69a6210b11f2bd041b0920ada022c00b) Importer(815301076,1909f56bfc062723c751e8b465ee728b)
Start importing Assets/Material/Orange.mat using Guid(69a6210b11f2bd041b0920ada022c00b) Importer(815301076,1909f56bfc062723c751e8b465ee728b)  -> (artifact id: '419ceb8efa6133cfdd2dd58eaa503d76') in 0.019522 seconds 
  Import took 0.026048 seconds .

========================================================================
Received Import Request.
  Time since last request: 0.018600 seconds.
  path: Assets/Sprites
  artifactKey: Guid(cd08d497f8c686145a2ef32e6306c421) Importer(815301076,1909f56bfc062723c751e8b465ee728b)
Start importing Assets/Sprites using Guid(cd08d497f8c686145a2ef32e6306c421) Importer(815301076,1909f56bfc062723c751e8b465ee728b)  -> (artifact id: '687951f6a7a6f58378af81391b90197f') in 0.006112 seconds 
  Import took 0.012441 seconds .

========================================================================
Received Import Request.
  Time since last request: 0.005387 seconds.
  path: Assets/Material/Boundary/Violet.mat
  artifactKey: Guid(d3e40b4e6fc18e3458c3eb8ee5e7dd7e) Importer(815301076,1909f56bfc062723c751e8b465ee728b)
Start importing Assets/Material/Boundary/Violet.mat using Guid(d3e40b4e6fc18e3458c3eb8ee5e7dd7e) Importer(815301076,1909f56bfc062723c751e8b465ee728b)  -> (artifact id: 'c56800e40e7b18e09685a40fb8508a93') in 0.015643 seconds 
  Import took 0.021611 seconds .

========================================================================
Received Import Request.
  Time since last request: 0.008058 seconds.
  path: Assets/ConeCollider/Resources/Image/Materials
  artifactKey: Guid(7792b6936d6867145a03b1af0542386d) Importer(815301076,1909f56bfc062723c751e8b465ee728b)
Start importing Assets/ConeCollider/Resources/Image/Materials using Guid(7792b6936d6867145a03b1af0542386d) Importer(815301076,1909f56bfc062723c751e8b465ee728b)  -> (artifact id: '5233974656f97a5112fdcec0042167fb') in 0.004168 seconds 
  Import took 0.011475 seconds .

========================================================================
Received Import Request.
  Time since last request: 0.035945 seconds.
  path: Assets/Material/Tail.mat
  artifactKey: Guid(664475aba0fefe24eb5c806429e46f9d) Importer(815301076,1909f56bfc062723c751e8b465ee728b)
Start importing Assets/Material/Tail.mat using Guid(664475aba0fefe24eb5c806429e46f9d) Importer(815301076,1909f56bfc062723c751e8b465ee728b)  -> (artifact id: 'effac605fa6b6df78e3e0c465a2454a8') in 0.014592 seconds 
  Import took 0.019255 seconds .

========================================================================
Received Import Request.
  Time since last request: 0.033175 seconds.
  path: Assets/Material/Dark Blue.mat
  artifactKey: Guid(74d572592b0244f48a0e5d13f8f220b6) Importer(815301076,1909f56bfc062723c751e8b465ee728b)
Start importing Assets/Material/Dark Blue.mat using Guid(74d572592b0244f48a0e5d13f8f220b6) Importer(815301076,1909f56bfc062723c751e8b465ee728b)  -> (artifact id: '3a19ab8e87f374f3d664bc7e97992247') in 0.016249 seconds 
  Import took 0.021478 seconds .

========================================================================
Received Import Request.
  Time since last request: 0.016464 seconds.
  path: Assets/Scripts/GameManager.cs
  artifactKey: Guid(ebf5c4dfd3c65f74cbfb125b8148a9ad) Importer(815301076,1909f56bfc062723c751e8b465ee728b)
Start importing Assets/Scripts/GameManager.cs using Guid(ebf5c4dfd3c65f74cbfb125b8148a9ad) Importer(815301076,1909f56bfc062723c751e8b465ee728b)  -> (artifact id: '3320965e2346350e8461287f4076d9d5') in 0.003154 seconds 
  Import took 0.008498 seconds .

========================================================================
Received Import Request.
  Time since last request: 0.015747 seconds.
  path: Assets/Material/Yellow.mat
  artifactKey: Guid(9b88f5bfaf32dc34c9a3f5a82946e93c) Importer(815301076,1909f56bfc062723c751e8b465ee728b)
Start importing Assets/Material/Yellow.mat using Guid(9b88f5bfaf32dc34c9a3f5a82946e93c) Importer(815301076,1909f56bfc062723c751e8b465ee728b)  -> (artifact id: 'c56831afe7ae285f98da799568ee858f') in 0.014082 seconds 
  Import took 0.017826 seconds .

========================================================================
Received Import Request.
  Time since last request: 0.009870 seconds.
  path: Assets/Scripts/NotFood.cs
  artifactKey: Guid(fde51e5a23725934d9ccbeb059c70d39) Importer(815301076,1909f56bfc062723c751e8b465ee728b)
Start importing Assets/Scripts/NotFood.cs using Guid(fde51e5a23725934d9ccbeb059c70d39) Importer(815301076,1909f56bfc062723c751e8b465ee728b)  -> (artifact id: '30c33f5fe287f2428f120cba38ec1fea') in 0.002895 seconds 
  Import took 0.007962 seconds .

========================================================================
Received Import Request.
  Time since last request: 0.015854 seconds.
  path: Assets/Prefabs
  artifactKey: Guid(d689a36a51da54d4bba3ad1b27c38d69) Importer(815301076,1909f56bfc062723c751e8b465ee728b)
Start importing Assets/Prefabs using Guid(d689a36a51da54d4bba3ad1b27c38d69) Importer(815301076,1909f56bfc062723c751e8b465ee728b)  -> (artifact id: '46adfa4bce3939f3c94eeed03c5aaee9') in 0.003594 seconds 
  Import took 0.007774 seconds .

========================================================================
Received Import Request.
  Time since last request: 0.015219 seconds.
  path: Assets/Material/Boundary/Dark Blue.mat
  artifactKey: Guid(4073350e92685a64fa48575b73fdd404) Importer(815301076,1909f56bfc062723c751e8b465ee728b)
Start importing Assets/Material/Boundary/Dark Blue.mat using Guid(4073350e92685a64fa48575b73fdd404) Importer(815301076,1909f56bfc062723c751e8b465ee728b)  -> (artifact id: '1532a117aaeb38e047920961ade4497f') in 0.013603 seconds 
  Import took 0.018462 seconds .

========================================================================
Received Import Request.
  Time since last request: 0.008635 seconds.
  path: Assets/Scripts/Snake/SnakeMovment.cs
  artifactKey: Guid(c19e5acfa34e38d49a435356ce83a8de) Importer(815301076,1909f56bfc062723c751e8b465ee728b)
Start importing Assets/Scripts/Snake/SnakeMovment.cs using Guid(c19e5acfa34e38d49a435356ce83a8de) Importer(815301076,1909f56bfc062723c751e8b465ee728b)  -> (artifact id: 'b4a88524600c19d4042450b61c4ce476') in 0.003172 seconds 
  Import took 0.007190 seconds .

========================================================================
Received Import Request.
  Time since last request: 0.020979 seconds.
  path: Assets/Scripts/ChengeColor.cs
  artifactKey: Guid(3f069a8cc0304884cbc1fc54f092070c) Importer(815301076,1909f56bfc062723c751e8b465ee728b)
Start importing Assets/Scripts/ChengeColor.cs using Guid(3f069a8cc0304884cbc1fc54f092070c) Importer(815301076,1909f56bfc062723c751e8b465ee728b)  -> (artifact id: 'cb4c9b07e48ac8d06ae65fa7cd44e8e8') in 0.002944 seconds 
  Import took 0.006503 seconds .

========================================================================
Received Import Request.
  Time since last request: 0.007895 seconds.
  path: Assets/Scenes/Play.unity
  artifactKey: Guid(c6b6072d0f6f4894d90b78ef7d6f9f04) Importer(815301076,1909f56bfc062723c751e8b465ee728b)
Start importing Assets/Scenes/Play.unity using Guid(c6b6072d0f6f4894d90b78ef7d6f9f04) Importer(815301076,1909f56bfc062723c751e8b465ee728b)  -> (artifact id: 'da84a2c4fb20db8267a8b91e92d88627') in 0.003069 seconds 
  Import took 0.006722 seconds .

========================================================================
Received Import Request.
  Time since last request: 0.026290 seconds.
  path: Assets/Material/Boundary/Red.mat
  artifactKey: Guid(e04e89730e4f2e54ab80a3e5bff6a263) Importer(815301076,1909f56bfc062723c751e8b465ee728b)
Start importing Assets/Material/Boundary/Red.mat using Guid(e04e89730e4f2e54ab80a3e5bff6a263) Importer(815301076,1909f56bfc062723c751e8b465ee728b)  -> (artifact id: '5de8bb040cbd14b4bdbe741fd78b0117') in 0.013939 seconds 
  Import took 0.017810 seconds .

========================================================================
Received Import Request.
  Time since last request: 0.018487 seconds.
  path: Assets/Scripts/Snake/TailMovment.cs
  artifactKey: Guid(5dc155165fb77874f8a4bcb75aae097b) Importer(815301076,1909f56bfc062723c751e8b465ee728b)
Start importing Assets/Scripts/Snake/TailMovment.cs using Guid(5dc155165fb77874f8a4bcb75aae097b) Importer(815301076,1909f56bfc062723c751e8b465ee728b)  -> (artifact id: '53a2863974662bf2c48922cfca6e2fc0') in 0.002702 seconds 
  Import took 0.007058 seconds .

========================================================================
Received Import Request.
  Time since last request: 0.003799 seconds.
  path: Assets/ConeCollider/Script
  artifactKey: Guid(b51eb2e16ad5e6a4888480a7bccf2ab1) Importer(815301076,1909f56bfc062723c751e8b465ee728b)
Start importing Assets/ConeCollider/Script using Guid(b51eb2e16ad5e6a4888480a7bccf2ab1) Importer(815301076,1909f56bfc062723c751e8b465ee728b)  -> (artifact id: '00ef32ea9f86d28fa1f7a23cdd598986') in 0.003093 seconds 
  Import took 0.007258 seconds .

========================================================================
Received Import Request.
  Time since last request: 0.027571 seconds.
  path: Assets/Prefabs/SnakeMain.prefab
  artifactKey: Guid(9890f514d07427b4ca931d7dafa72a1d) Importer(815301076,1909f56bfc062723c751e8b465ee728b)
Start importing Assets/Prefabs/SnakeMain.prefab using Guid(9890f514d07427b4ca931d7dafa72a1d) Importer(815301076,1909f56bfc062723c751e8b465ee728b)  -> (artifact id: '7ebe7392e4faf373ad3549d597eebba3') in 0.015263 seconds 
  Import took 0.020261 seconds .

========================================================================
Received Import Request.
  Time since last request: 0.020812 seconds.
  path: Assets/Prefabs/BlueFood.prefab
  artifactKey: Guid(a406073249d25ff4cb251a6ee8320291) Importer(815301076,1909f56bfc062723c751e8b465ee728b)
Start importing Assets/Prefabs/BlueFood.prefab using Guid(a406073249d25ff4cb251a6ee8320291) Importer(815301076,1909f56bfc062723c751e8b465ee728b)  -> (artifact id: 'edba2dff3a46e9785423748d4638f6bf') in 0.013023 seconds 
  Import took 0.017108 seconds .

========================================================================
Received Import Request.
  Time since last request: 0.035400 seconds.
  path: Assets/Scripts/Cylinder.cs
  artifactKey: Guid(420e8af3b707a9943b3f631defe817d2) Importer(815301076,1909f56bfc062723c751e8b465ee728b)
Start importing Assets/Scripts/Cylinder.cs using Guid(420e8af3b707a9943b3f631defe817d2) Importer(815301076,1909f56bfc062723c751e8b465ee728b)  -> (artifact id: '2f1fa896c63c484460248a98cfe6933d') in 0.002602 seconds 
  Import took 0.005882 seconds .

========================================================================
Received Import Request.
  Time since last request: 0.005220 seconds.
  path: Assets/Prefabs/GreenFood.prefab
  artifactKey: Guid(15482300914a7ef4abf59f6de1c1df59) Importer(815301076,1909f56bfc062723c751e8b465ee728b)
Start importing Assets/Prefabs/GreenFood.prefab using Guid(15482300914a7ef4abf59f6de1c1df59) Importer(815301076,1909f56bfc062723c751e8b465ee728b)  -> (artifact id: 'dabd6c5e0499bfb88ba845e12574806a') in 0.015123 seconds 
  Import took 0.019246 seconds .

AssetImportWorkerClient::OnTransportError - code=2 error=End of file
